#
# A fatal error has been detected by the Java Runtime Environment:
#
#  SIGSEGV (0xb) at pc=0x000000010b1b6449, pid=27737, tid=41279
#
# JRE version: OpenJDK Runtime Environment (16.0.1+9) (build 16.0.1+9-24)
# Java VM: OpenJDK 64-Bit Server VM (16.0.1+9-24, mixed mode, tiered, compressed oops, compressed class ptrs, g1 gc, bsd-amd64)
# Problematic frame:
# C  [libjimage.dylib+0x3449]  ImageFileReader::find_location_index(char const*, unsigned long long*) const+0x89
#
# No core dump will be written. Core dumps have been disabled. To enable core dumping, try "ulimit -c unlimited" before starting Java again
#
# If you would like to submit a bug report, please visit:
#   https://bugreport.java.com/bugreport/crash.jsp
#

---------------  S U M M A R Y ------------

Command Line: -XX:+ShowCodeDetailsInExceptionMessages -agentlib:jdwp=transport=dt_socket,suspend=y,address=localhost:55175 -javaagent:/Users/inhwan/Desktop/Eclipse.app/Contents/Eclipse/configuration/org.eclipse.osgi/406/0/.cp/lib/javaagent-shaded.jar -Dfile.encoding=utf-8 backjun01.test02

Host: MacBookPro17,1 x86_64 2400 MHz, 8 cores, 16G, Darwin 20.3.0, macOS 10.16 (20D91)
Time: Sun Aug  8 15:52:59 2021 KST elapsed time: 8334.873609 seconds (0d 2h 18m 54s)

---------------  T H R E A D  ---------------

Current thread (0x00007ff04f10a800):  JavaThread "Signal Dispatcher" daemon [_thread_in_vm, id=41279, stack(0x000000030aacf000,0x000000030abcf000)]

Stack: [0x000000030aacf000,0x000000030abcf000],  sp=0x000000030abcd3d0,  free space=1016k
Native frames: (J=compiled Java code, A=aot compiled Java code, j=interpreted, Vv=VM code, C=native code)
C