#
# A fatal error has been detected by the Java Runtime Environment:
#
#  SIGBUS (0xa) at pc=0x000000013170f000, pid=41537, tid=23043
#
# JRE version: OpenJDK Runtime Environment (16.0.1+9) (build 16.0.1+9-24)
# Java VM: OpenJDK 64-Bit Server VM (16.0.1+9-24, mixed mode, tiered, compressed oops, compressed class ptrs, g1 gc, bsd-amd64)
# Problematic frame:
# C  0x000000013170f000
#
# No core dump will be written. Core dumps have been disabled. To enable core dumping, try "ulimit -c unlimited" before starting Java again
#
# If you would like to submit a bug report, please visit:
#   https://bugreport.java.com/bugreport/crash.jsp
#

---------------  S U M M A R Y ------------

Command Line: -XX:+ShowCodeDetailsInExceptionMessages -agentlib:jdwp=transport=dt_socket,suspend=y,address=localhost:55499 -javaagent:/Users/inhwan/Desktop/Eclipse.app/Contents/Eclipse/configuration/org.eclipse.osgi/406/0/.cp/lib/javaagent-shaded.jar -Dfile.encoding=utf-8 backjun01.Main

Host: MacBookPro17,1 x86_64 2400 MHz, 8 cores, 16G, Darwin 20.3.0, macOS 10.16 (20D91)
Time: Sun Aug  8 15:53:00 2021 KST elapsed time: 5246.030666 seconds (0d 1h 27m 26s)

---------------  T H R E A D  ---------------

Current thread (0x00007f8a05008200):  JavaThread "Signal Dispatcher" daemon [_thread_in_vm, id=23043, stack(0x000000030dfa3000,0x000000030e0a3000)]

Stack: [0x000000030dfa3000,0x000000030e0a3000],  sp=0x000000030e0a13c8,  free space=1016k
Native frames: (J=compiled Java code, A=aot compiled Java code, j=interpreted, Vv=VM code, C=native code)
C  0x000000013170f000
C  [libjimage.dylib+0x38c0]