#
# A fatal error has been detected by the Java Runtime Environment:
#
#  SIGSEGV (0xb) at pc=0x0000000108733449, pid=40912, tid=40707
#
# JRE version: OpenJDK Runtime Environment (16.0.1+9) (build 16.0.1+9-24)
# Java VM: OpenJDK 64-Bit Server VM (16.0.1+9-24, mixed mode, tiered, compressed oops, compressed class ptrs, g1 gc, bsd-amd64)
# Problematic frame:
# C  [libjimage.dylib+0x3449]  _ZNK15ImageFileReader19find_location_indexEPKcPy+0x89
#
# No core dump will be written. Core dumps have been disabled. To enable core dumping, try "ulimit -c unlimited" before starting Java again
#
# If you would like to submit a bug report, please visit:
#   https://bugreport.java.com/bugreport/crash.jsp
#

---------------  S U M M A R Y ------------

Command Line: -XX:+ShowCodeDetailsInExceptionMessages -agentlib:jdwp=transport=dt_socket,suspend=y,address=localhost:55487 -javaagent:/Users/inhwan/Desktop/Eclipse.app/Contents/Eclipse/configuration/org.eclipse.osgi/406/0/.cp/lib/javaagent-shaded.jar -Dfile.encoding=utf-8 backjun01.Main

Host: MacBookPro17,1 x86_64 2400 MHz, 8 cores, 16G, Darwin 20.3.0, macOS 10.16 (20D91)
Time: Sun Aug  8 15:52:59 2021 KST elapsed time: 5388.036790 seconds (0d 1h 29m 48s)

---------------  T H R E A D  ---------------

Current thread (0x00007fd0590fdc00):  JavaThread "Signal Dispatcher" daemon [_thread_in_vm, id=40707, stack(0x000000030565f000,0x000000030575f000)]

Stack: [0x000000030565f000,0x000000030575f000],  sp=0x000000030575d3d0,  free space=1016k
Native frames: (J=compiled Java code, A=aot compiled Java code, j=interpreted, Vv=VM code, C=native code)
C  [libjimage.dylib+0x3449]  _ZNK15ImageFileReader19find_location_indexEPKcPy+0x89
C  [libjimage.dylib+0x38c0]  JIMAGE_FindResource+0xd0
